{"/home/praise/Documents/event-booking-system/config/config.js": {"path":"/home/praise/Documents/event-booking-system/config/config.js","statementMap":{"0":{"start":{"line":1,"column":26},"end":{"line":1,"column":55}},"1":{"start":{"line":3,"column":0},"end":{"line":3,"column":27}},"2":{"start":{"line":6,"column":0},"end":{"line":34,"column":2}}},"fnMap":{},"branchMap":{},"s":{"0":4,"1":4,"2":4},"f":{},"b":{},"_coverageSchema":"1a1c01bbd47fc00a2c39e90264f33305004495a9","hash":"bdaab90bb3257bd507971885629faf52d885fd68"}
,"/home/praise/Documents/event-booking-system/models/booking.js": {"path":"/home/praise/Documents/event-booking-system/models/booking.js","statementMap":{"0":{"start":{"line":1,"column":0},"end":{"line":25,"column":1}},"1":{"start":{"line":2,"column":18},"end":{"line":22,"column":3}},"2":{"start":{"line":24,"column":2},"end":{"line":24,"column":17}}},"fnMap":{"0":{"name":"(anonymous_0)","decl":{"start":{"line":1,"column":17},"end":{"line":1,"column":18}},"loc":{"start":{"line":1,"column":43},"end":{"line":25,"column":1}},"line":1}},"branchMap":{},"s":{"0":4,"1":4,"2":4},"f":{"0":4},"b":{},"_coverageSchema":"1a1c01bbd47fc00a2c39e90264f33305004495a9","hash":"0fe8cce4a7c97c7c88b6bd1b94a7e40f6484aa17"}
,"/home/praise/Documents/event-booking-system/models/event.js": {"path":"/home/praise/Documents/event-booking-system/models/event.js","statementMap":{"0":{"start":{"line":1,"column":0},"end":{"line":28,"column":2}},"1":{"start":{"line":3,"column":16},"end":{"line":17,"column":4}},"2":{"start":{"line":19,"column":2},"end":{"line":25,"column":3}},"3":{"start":{"line":20,"column":4},"end":{"line":20,"column":78}},"4":{"start":{"line":21,"column":4},"end":{"line":21,"column":61}},"5":{"start":{"line":23,"column":4},"end":{"line":23,"column":70}},"6":{"start":{"line":24,"column":4},"end":{"line":24,"column":56}},"7":{"start":{"line":27,"column":2},"end":{"line":27,"column":15}}},"fnMap":{"0":{"name":"(anonymous_0)","decl":{"start":{"line":1,"column":17},"end":{"line":1,"column":18}},"loc":{"start":{"line":1,"column":43},"end":{"line":28,"column":1}},"line":1},"1":{"name":"(anonymous_1)","decl":{"start":{"line":19,"column":20},"end":{"line":19,"column":21}},"loc":{"start":{"line":19,"column":47},"end":{"line":25,"column":3}},"line":19}},"branchMap":{},"s":{"0":4,"1":4,"2":4,"3":4,"4":4,"5":4,"6":4,"7":4},"f":{"0":4,"1":4},"b":{},"_coverageSchema":"1a1c01bbd47fc00a2c39e90264f33305004495a9","hash":"4f9c8f684212e86e97adeccd6e931dc7964b1e03"}
,"/home/praise/Documents/event-booking-system/models/index.js": {"path":"/home/praise/Documents/event-booking-system/models/index.js","statementMap":{"0":{"start":{"line":3,"column":11},"end":{"line":3,"column":24}},"1":{"start":{"line":4,"column":13},"end":{"line":4,"column":28}},"2":{"start":{"line":5,"column":18},"end":{"line":5,"column":38}},"3":{"start":{"line":6,"column":16},"end":{"line":6,"column":34}},"4":{"start":{"line":7,"column":17},"end":{"line":7,"column":42}},"5":{"start":{"line":8,"column":12},"end":{"line":8,"column":49}},"6":{"start":{"line":9,"column":15},"end":{"line":9,"column":60}},"7":{"start":{"line":10,"column":11},"end":{"line":10,"column":13}},"8":{"start":{"line":13,"column":0},"end":{"line":17,"column":1}},"9":{"start":{"line":14,"column":2},"end":{"line":14,"column":74}},"10":{"start":{"line":16,"column":2},"end":{"line":16,"column":87}},"11":{"start":{"line":19,"column":0},"end":{"line":32,"column":5}},"12":{"start":{"line":22,"column":4},"end":{"line":27,"column":6}},"13":{"start":{"line":30,"column":18},"end":{"line":30,"column":85}},"14":{"start":{"line":31,"column":4},"end":{"line":31,"column":27}},"15":{"start":{"line":34,"column":0},"end":{"line":38,"column":3}},"16":{"start":{"line":35,"column":2},"end":{"line":37,"column":3}},"17":{"start":{"line":36,"column":4},"end":{"line":36,"column":32}},"18":{"start":{"line":40,"column":0},"end":{"line":40,"column":25}},"19":{"start":{"line":41,"column":0},"end":{"line":41,"column":25}},"20":{"start":{"line":43,"column":0},"end":{"line":43,"column":20}}},"fnMap":{"0":{"name":"(anonymous_0)","decl":{"start":{"line":21,"column":10},"end":{"line":21,"column":11}},"loc":{"start":{"line":21,"column":18},"end":{"line":28,"column":3}},"line":21},"1":{"name":"(anonymous_1)","decl":{"start":{"line":29,"column":11},"end":{"line":29,"column":12}},"loc":{"start":{"line":29,"column":19},"end":{"line":32,"column":3}},"line":29},"2":{"name":"(anonymous_2)","decl":{"start":{"line":34,"column":24},"end":{"line":34,"column":25}},"loc":{"start":{"line":34,"column":37},"end":{"line":38,"column":1}},"line":34}},"branchMap":{"0":{"loc":{"start":{"line":8,"column":12},"end":{"line":8,"column":49}},"type":"binary-expr","locations":[{"start":{"line":8,"column":12},"end":{"line":8,"column":32}},{"start":{"line":8,"column":36},"end":{"line":8,"column":49}}],"line":8},"1":{"loc":{"start":{"line":13,"column":0},"end":{"line":17,"column":1}},"type":"if","locations":[{"start":{"line":13,"column":0},"end":{"line":17,"column":1}},{"start":{"line":15,"column":7},"end":{"line":17,"column":1}}],"line":13},"2":{"loc":{"start":{"line":23,"column":6},"end":{"line":26,"column":37}},"type":"binary-expr","locations":[{"start":{"line":23,"column":6},"end":{"line":23,"column":29}},{"start":{"line":24,"column":6},"end":{"line":24,"column":23}},{"start":{"line":25,"column":6},"end":{"line":25,"column":30}},{"start":{"line":26,"column":6},"end":{"line":26,"column":37}}],"line":23},"3":{"loc":{"start":{"line":35,"column":2},"end":{"line":37,"column":3}},"type":"if","locations":[{"start":{"line":35,"column":2},"end":{"line":37,"column":3}},{"start":{},"end":{}}],"line":35}},"s":{"0":4,"1":4,"2":4,"3":4,"4":4,"5":4,"6":4,"7":4,"8":4,"9":0,"10":4,"11":4,"12":20,"13":16,"14":16,"15":4,"16":16,"17":4,"18":4,"19":4,"20":4},"f":{"0":20,"1":16,"2":16},"b":{"0":[4,0],"1":[0,4],"2":[20,20,16,16],"3":[4,12]},"_coverageSchema":"1a1c01bbd47fc00a2c39e90264f33305004495a9","hash":"5e74689b7093559ef2f4357ed761f0b21b91b4d5"}
,"/home/praise/Documents/event-booking-system/models/user.js": {"path":"/home/praise/Documents/event-booking-system/models/user.js","statementMap":{"0":{"start":{"line":2,"column":15},"end":{"line":2,"column":34}},"1":{"start":{"line":4,"column":0},"end":{"line":30,"column":1}},"2":{"start":{"line":5,"column":15},"end":{"line":23,"column":3}},"3":{"start":{"line":25,"column":2},"end":{"line":27,"column":4}},"4":{"start":{"line":26,"column":4},"end":{"line":26,"column":51}},"5":{"start":{"line":29,"column":2},"end":{"line":29,"column":14}}},"fnMap":{"0":{"name":"(anonymous_0)","decl":{"start":{"line":4,"column":17},"end":{"line":4,"column":18}},"loc":{"start":{"line":4,"column":43},"end":{"line":30,"column":1}},"line":4},"1":{"name":"(anonymous_1)","decl":{"start":{"line":25,"column":35},"end":{"line":25,"column":36}},"loc":{"start":{"line":25,"column":61},"end":{"line":27,"column":3}},"line":25}},"branchMap":{},"s":{"0":4,"1":4,"2":4,"3":4,"4":5,"5":4},"f":{"0":4,"1":5},"b":{},"_coverageSchema":"1a1c01bbd47fc00a2c39e90264f33305004495a9","hash":"b4c0fc17b5d796d92b1365500f447ca016013499"}
,"/home/praise/Documents/event-booking-system/models/waitingList.js": {"path":"/home/praise/Documents/event-booking-system/models/waitingList.js","statementMap":{"0":{"start":{"line":1,"column":0},"end":{"line":35,"column":1}},"1":{"start":{"line":2,"column":22},"end":{"line":33,"column":4}},"2":{"start":{"line":34,"column":2},"end":{"line":34,"column":21}}},"fnMap":{"0":{"name":"(anonymous_0)","decl":{"start":{"line":1,"column":17},"end":{"line":1,"column":18}},"loc":{"start":{"line":1,"column":43},"end":{"line":35,"column":1}},"line":1}},"branchMap":{},"s":{"0":4,"1":4,"2":4},"f":{"0":4},"b":{},"_coverageSchema":"1a1c01bbd47fc00a2c39e90264f33305004495a9","hash":"ac456941c935f789a3e0835e33e7912cb878d73e"}
,"/home/praise/Documents/event-booking-system/src/app.js": {"path":"/home/praise/Documents/event-booking-system/src/app.js","statementMap":{"0":{"start":{"line":1,"column":0},"end":{"line":1,"column":27}},"1":{"start":{"line":3,"column":16},"end":{"line":3,"column":34}},"2":{"start":{"line":4,"column":12},"end":{"line":4,"column":21}},"3":{"start":{"line":5,"column":15},"end":{"line":5,"column":41}},"4":{"start":{"line":6,"column":21},"end":{"line":6,"column":61}},"5":{"start":{"line":7,"column":15},"end":{"line":7,"column":56}},"6":{"start":{"line":10,"column":0},"end":{"line":10,"column":24}},"7":{"start":{"line":12,"column":0},"end":{"line":12,"column":15}},"8":{"start":{"line":13,"column":0},"end":{"line":13,"column":24}},"9":{"start":{"line":14,"column":0},"end":{"line":14,"column":21}},"10":{"start":{"line":16,"column":0},"end":{"line":16,"column":21}}},"fnMap":{},"branchMap":{},"s":{"0":4,"1":4,"2":4,"3":4,"4":4,"5":4,"6":4,"7":4,"8":4,"9":4,"10":4},"f":{},"b":{},"_coverageSchema":"1a1c01bbd47fc00a2c39e90264f33305004495a9","hash":"6270401d9be85830f4730fac9bfa7450359133cb"}
,"/home/praise/Documents/event-booking-system/src/controllers/authController.js": {"path":"/home/praise/Documents/event-booking-system/src/controllers/authController.js","statementMap":{"0":{"start":{"line":1,"column":15},"end":{"line":1,"column":34}},"1":{"start":{"line":2,"column":12},"end":{"line":2,"column":35}},"2":{"start":{"line":3,"column":17},"end":{"line":3,"column":40}},"3":{"start":{"line":5,"column":19},"end":{"line":5,"column":41}},"4":{"start":{"line":12,"column":4},"end":{"line":40,"column":5}},"5":{"start":{"line":14,"column":34},"end":{"line":14,"column":42}},"6":{"start":{"line":16,"column":19},"end":{"line":16,"column":59}},"7":{"start":{"line":18,"column":6},"end":{"line":20,"column":7}},"8":{"start":{"line":19,"column":8},"end":{"line":19,"column":85}},"9":{"start":{"line":22,"column":22},"end":{"line":22,"column":67}},"10":{"start":{"line":23,"column":6},"end":{"line":25,"column":7}},"11":{"start":{"line":24,"column":8},"end":{"line":24,"column":85}},"12":{"start":{"line":27,"column":20},"end":{"line":27,"column":83}},"13":{"start":{"line":30,"column":6},"end":{"line":30,"column":38}},"14":{"start":{"line":32,"column":6},"end":{"line":36,"column":9}},"15":{"start":{"line":38,"column":6},"end":{"line":38,"column":24}},"16":{"start":{"line":39,"column":6},"end":{"line":39,"column":78}},"17":{"start":{"line":46,"column":4},"end":{"line":77,"column":5}},"18":{"start":{"line":48,"column":34},"end":{"line":48,"column":42}},"19":{"start":{"line":50,"column":27},"end":{"line":50,"column":67}},"20":{"start":{"line":52,"column":6},"end":{"line":57,"column":7}},"21":{"start":{"line":53,"column":8},"end":{"line":56,"column":11}},"22":{"start":{"line":59,"column":29},"end":{"line":59,"column":60}},"23":{"start":{"line":61,"column":19},"end":{"line":61,"column":73}},"24":{"start":{"line":63,"column":6},"end":{"line":63,"column":38}},"25":{"start":{"line":64,"column":20},"end":{"line":64,"column":82}},"26":{"start":{"line":66,"column":6},"end":{"line":70,"column":9}},"27":{"start":{"line":72,"column":6},"end":{"line":72,"column":25}},"28":{"start":{"line":73,"column":6},"end":{"line":76,"column":9}},"29":{"start":{"line":82,"column":0},"end":{"line":82,"column":32}}},"fnMap":{"0":{"name":"(anonymous_0)","decl":{"start":{"line":11,"column":2},"end":{"line":11,"column":3}},"loc":{"start":{"line":11,"column":31},"end":{"line":41,"column":3}},"line":11},"1":{"name":"(anonymous_1)","decl":{"start":{"line":45,"column":2},"end":{"line":45,"column":3}},"loc":{"start":{"line":45,"column":34},"end":{"line":78,"column":3}},"line":45}},"branchMap":{"0":{"loc":{"start":{"line":18,"column":6},"end":{"line":20,"column":7}},"type":"if","locations":[{"start":{"line":18,"column":6},"end":{"line":20,"column":7}},{"start":{},"end":{}}],"line":18},"1":{"loc":{"start":{"line":23,"column":6},"end":{"line":25,"column":7}},"type":"if","locations":[{"start":{"line":23,"column":6},"end":{"line":25,"column":7}},{"start":{},"end":{}}],"line":23},"2":{"loc":{"start":{"line":52,"column":6},"end":{"line":57,"column":7}},"type":"if","locations":[{"start":{"line":52,"column":6},"end":{"line":57,"column":7}},{"start":{},"end":{}}],"line":52}},"s":{"0":4,"1":4,"2":4,"3":4,"4":2,"5":2,"6":2,"7":2,"8":1,"9":1,"10":1,"11":0,"12":1,"13":1,"14":1,"15":0,"16":0,"17":2,"18":2,"19":2,"20":2,"21":1,"22":1,"23":1,"24":1,"25":1,"26":1,"27":0,"28":0,"29":4},"f":{"0":2,"1":2},"b":{"0":[1,1],"1":[0,1],"2":[1,1]},"_coverageSchema":"1a1c01bbd47fc00a2c39e90264f33305004495a9","hash":"ba3b8cc7c7be690e8de7fec5d9a3d4db85f31ae9"}
,"/home/praise/Documents/event-booking-system/src/controllers/eventController.js": {"path":"/home/praise/Documents/event-booking-system/src/controllers/eventController.js","statementMap":{"0":{"start":{"line":2,"column":35},"end":{"line":2,"column":55}},"1":{"start":{"line":3,"column":51},"end":{"line":3,"column":74}},"2":{"start":{"line":8,"column":4},"end":{"line":26,"column":5}},"3":{"start":{"line":10,"column":42},"end":{"line":10,"column":50}},"4":{"start":{"line":11,"column":20},"end":{"line":13,"column":8}},"5":{"start":{"line":16,"column":6},"end":{"line":20,"column":9}},"6":{"start":{"line":23,"column":6},"end":{"line":25,"column":8}},"7":{"start":{"line":30,"column":4},"end":{"line":65,"column":5}},"8":{"start":{"line":32,"column":27},"end":{"line":32,"column":37}},"9":{"start":{"line":35,"column":26},"end":{"line":40,"column":8}},"10":{"start":{"line":42,"column":6},"end":{"line":47,"column":7}},"11":{"start":{"line":43,"column":8},"end":{"line":46,"column":11}},"12":{"start":{"line":50,"column":23},"end":{"line":54,"column":7}},"13":{"start":{"line":55,"column":6},"end":{"line":59,"column":9}},"14":{"start":{"line":61,"column":6},"end":{"line":64,"column":9}},"15":{"start":{"line":71,"column":24},"end":{"line":71,"column":116}},"16":{"start":{"line":73,"column":4},"end":{"line":136,"column":5}},"17":{"start":{"line":74,"column":27},"end":{"line":74,"column":35}},"18":{"start":{"line":75,"column":26},"end":{"line":75,"column":34}},"19":{"start":{"line":78,"column":20},"end":{"line":82,"column":8}},"20":{"start":{"line":84,"column":6},"end":{"line":87,"column":7}},"21":{"start":{"line":85,"column":8},"end":{"line":85,"column":37}},"22":{"start":{"line":86,"column":8},"end":{"line":86,"column":81}},"23":{"start":{"line":89,"column":30},"end":{"line":92,"column":8}},"24":{"start":{"line":94,"column":6},"end":{"line":100,"column":7}},"25":{"start":{"line":95,"column":8},"end":{"line":95,"column":37}},"26":{"start":{"line":96,"column":8},"end":{"line":99,"column":11}},"27":{"start":{"line":103,"column":6},"end":{"line":114,"column":7}},"28":{"start":{"line":104,"column":8},"end":{"line":104,"column":69}},"29":{"start":{"line":106,"column":8},"end":{"line":106,"column":75}},"30":{"start":{"line":108,"column":8},"end":{"line":108,"column":35}},"31":{"start":{"line":110,"column":8},"end":{"line":113,"column":11}},"32":{"start":{"line":117,"column":6},"end":{"line":120,"column":9}},"33":{"start":{"line":122,"column":6},"end":{"line":122,"column":33}},"34":{"start":{"line":124,"column":6},"end":{"line":127,"column":9}},"35":{"start":{"line":130,"column":6},"end":{"line":130,"column":35}},"36":{"start":{"line":131,"column":6},"end":{"line":131,"column":50}},"37":{"start":{"line":132,"column":6},"end":{"line":135,"column":9}},"38":{"start":{"line":142,"column":24},"end":{"line":142,"column":116}},"39":{"start":{"line":144,"column":4},"end":{"line":207,"column":5}},"40":{"start":{"line":145,"column":27},"end":{"line":145,"column":35}},"41":{"start":{"line":146,"column":26},"end":{"line":146,"column":34}},"42":{"start":{"line":148,"column":22},"end":{"line":151,"column":8}},"43":{"start":{"line":153,"column":6},"end":{"line":159,"column":7}},"44":{"start":{"line":154,"column":8},"end":{"line":154,"column":37}},"45":{"start":{"line":155,"column":8},"end":{"line":158,"column":11}},"46":{"start":{"line":161,"column":6},"end":{"line":161,"column":45}},"47":{"start":{"line":163,"column":20},"end":{"line":167,"column":8}},"48":{"start":{"line":169,"column":6},"end":{"line":175,"column":7}},"49":{"start":{"line":170,"column":8},"end":{"line":170,"column":37}},"50":{"start":{"line":171,"column":8},"end":{"line":174,"column":11}},"51":{"start":{"line":178,"column":26},"end":{"line":182,"column":8}},"52":{"start":{"line":187,"column":6},"end":{"line":192,"column":7}},"53":{"start":{"line":188,"column":8},"end":{"line":188,"column":90}},"54":{"start":{"line":189,"column":8},"end":{"line":189,"column":51}},"55":{"start":{"line":191,"column":8},"end":{"line":191,"column":75}},"56":{"start":{"line":194,"column":6},"end":{"line":194,"column":33}},"57":{"start":{"line":196,"column":6},"end":{"line":199,"column":9}},"58":{"start":{"line":201,"column":6},"end":{"line":201,"column":35}},"59":{"start":{"line":202,"column":6},"end":{"line":202,"column":55}},"60":{"start":{"line":203,"column":6},"end":{"line":206,"column":9}},"61":{"start":{"line":212,"column":0},"end":{"line":212,"column":33}}},"fnMap":{"0":{"name":"(anonymous_0)","decl":{"start":{"line":6,"column":2},"end":{"line":6,"column":3}},"loc":{"start":{"line":6,"column":41},"end":{"line":27,"column":3}},"line":6},"1":{"name":"(anonymous_1)","decl":{"start":{"line":29,"column":2},"end":{"line":29,"column":3}},"loc":{"start":{"line":29,"column":35},"end":{"line":67,"column":3}},"line":29},"2":{"name":"(anonymous_2)","decl":{"start":{"line":70,"column":2},"end":{"line":70,"column":3}},"loc":{"start":{"line":70,"column":35},"end":{"line":137,"column":3}},"line":70},"3":{"name":"(anonymous_3)","decl":{"start":{"line":141,"column":2},"end":{"line":141,"column":3}},"loc":{"start":{"line":141,"column":39},"end":{"line":208,"column":3}},"line":141}},"branchMap":{"0":{"loc":{"start":{"line":42,"column":6},"end":{"line":47,"column":7}},"type":"if","locations":[{"start":{"line":42,"column":6},"end":{"line":47,"column":7}},{"start":{},"end":{}}],"line":42},"1":{"loc":{"start":{"line":84,"column":6},"end":{"line":87,"column":7}},"type":"if","locations":[{"start":{"line":84,"column":6},"end":{"line":87,"column":7}},{"start":{},"end":{}}],"line":84},"2":{"loc":{"start":{"line":94,"column":6},"end":{"line":100,"column":7}},"type":"if","locations":[{"start":{"line":94,"column":6},"end":{"line":100,"column":7}},{"start":{},"end":{}}],"line":94},"3":{"loc":{"start":{"line":103,"column":6},"end":{"line":114,"column":7}},"type":"if","locations":[{"start":{"line":103,"column":6},"end":{"line":114,"column":7}},{"start":{},"end":{}}],"line":103},"4":{"loc":{"start":{"line":153,"column":6},"end":{"line":159,"column":7}},"type":"if","locations":[{"start":{"line":153,"column":6},"end":{"line":159,"column":7}},{"start":{},"end":{}}],"line":153},"5":{"loc":{"start":{"line":169,"column":6},"end":{"line":175,"column":7}},"type":"if","locations":[{"start":{"line":169,"column":6},"end":{"line":175,"column":7}},{"start":{},"end":{}}],"line":169},"6":{"loc":{"start":{"line":187,"column":6},"end":{"line":192,"column":7}},"type":"if","locations":[{"start":{"line":187,"column":6},"end":{"line":192,"column":7}},{"start":{"line":190,"column":13},"end":{"line":192,"column":7}}],"line":187}},"s":{"0":4,"1":4,"2":1,"3":1,"4":1,"5":1,"6":0,"7":2,"8":2,"9":2,"10":2,"11":1,"12":1,"13":1,"14":0,"15":3,"16":3,"17":3,"18":3,"19":3,"20":3,"21":0,"22":0,"23":3,"24":3,"25":1,"26":1,"27":2,"28":1,"29":1,"30":1,"31":1,"32":1,"33":1,"34":1,"35":0,"36":0,"37":0,"38":2,"39":2,"40":2,"41":2,"42":2,"43":2,"44":1,"45":1,"46":1,"47":1,"48":1,"49":0,"50":0,"51":1,"52":1,"53":1,"54":1,"55":0,"56":1,"57":1,"58":0,"59":0,"60":0,"61":4},"f":{"0":1,"1":2,"2":3,"3":2},"b":{"0":[1,1],"1":[0,3],"2":[1,2],"3":[1,1],"4":[1,1],"5":[0,1],"6":[1,0]},"_coverageSchema":"1a1c01bbd47fc00a2c39e90264f33305004495a9","hash":"3802808d7c17dc6ec55a03e653ecf8164f993fa4"}
,"/home/praise/Documents/event-booking-system/src/middlewares/authMiddleware.js": {"path":"/home/praise/Documents/event-booking-system/src/middlewares/authMiddleware.js","statementMap":{"0":{"start":{"line":1,"column":12},"end":{"line":1,"column":35}},"1":{"start":{"line":2,"column":17},"end":{"line":2,"column":40}},"2":{"start":{"line":4,"column":19},"end":{"line":4,"column":41}},"3":{"start":{"line":8,"column":22},"end":{"line":25,"column":1}},"4":{"start":{"line":9,"column":16},"end":{"line":9,"column":58}},"5":{"start":{"line":11,"column":2},"end":{"line":16,"column":3}},"6":{"start":{"line":12,"column":4},"end":{"line":15,"column":7}},"7":{"start":{"line":18,"column":2},"end":{"line":24,"column":3}},"8":{"start":{"line":19,"column":20},"end":{"line":19,"column":49}},"9":{"start":{"line":20,"column":4},"end":{"line":20,"column":23}},"10":{"start":{"line":21,"column":4},"end":{"line":21,"column":11}},"11":{"start":{"line":23,"column":4},"end":{"line":23,"column":68}},"12":{"start":{"line":27,"column":24},"end":{"line":49,"column":1}},"13":{"start":{"line":29,"column":2},"end":{"line":48,"column":3}},"14":{"start":{"line":31,"column":24},"end":{"line":31,"column":63}},"15":{"start":{"line":32,"column":24},"end":{"line":32,"column":76}},"16":{"start":{"line":33,"column":30},"end":{"line":33,"column":52}},"17":{"start":{"line":35,"column":17},"end":{"line":35,"column":57}},"18":{"start":{"line":37,"column":4},"end":{"line":39,"column":5}},"19":{"start":{"line":38,"column":6},"end":{"line":38,"column":85}},"20":{"start":{"line":41,"column":4},"end":{"line":44,"column":5}},"21":{"start":{"line":45,"column":4},"end":{"line":45,"column":10}},"22":{"start":{"line":47,"column":4},"end":{"line":47,"column":80}},"23":{"start":{"line":51,"column":23},"end":{"line":64,"column":1}},"24":{"start":{"line":52,"column":2},"end":{"line":54,"column":3}},"25":{"start":{"line":53,"column":4},"end":{"line":53,"column":77}},"26":{"start":{"line":56,"column":2},"end":{"line":58,"column":3}},"27":{"start":{"line":57,"column":4},"end":{"line":57,"column":42}},"28":{"start":{"line":60,"column":2},"end":{"line":62,"column":3}},"29":{"start":{"line":61,"column":4},"end":{"line":61,"column":40}},"30":{"start":{"line":66,"column":0},"end":{"line":66,"column":32}}},"fnMap":{"0":{"name":"(anonymous_0)","decl":{"start":{"line":8,"column":22},"end":{"line":8,"column":23}},"loc":{"start":{"line":8,"column":42},"end":{"line":25,"column":1}},"line":8},"1":{"name":"(anonymous_1)","decl":{"start":{"line":27,"column":24},"end":{"line":27,"column":25}},"loc":{"start":{"line":27,"column":50},"end":{"line":49,"column":1}},"line":27},"2":{"name":"(anonymous_2)","decl":{"start":{"line":51,"column":23},"end":{"line":51,"column":24}},"loc":{"start":{"line":51,"column":43},"end":{"line":64,"column":1}},"line":51}},"branchMap":{"0":{"loc":{"start":{"line":11,"column":2},"end":{"line":16,"column":3}},"type":"if","locations":[{"start":{"line":11,"column":2},"end":{"line":16,"column":3}},{"start":{},"end":{}}],"line":11},"1":{"loc":{"start":{"line":37,"column":4},"end":{"line":39,"column":5}},"type":"if","locations":[{"start":{"line":37,"column":4},"end":{"line":39,"column":5}},{"start":{},"end":{}}],"line":37},"2":{"loc":{"start":{"line":37,"column":8},"end":{"line":37,"column":48}},"type":"binary-expr","locations":[{"start":{"line":37,"column":8},"end":{"line":37,"column":13}},{"start":{"line":37,"column":17},"end":{"line":37,"column":48}}],"line":37},"3":{"loc":{"start":{"line":52,"column":2},"end":{"line":54,"column":3}},"type":"if","locations":[{"start":{"line":52,"column":2},"end":{"line":54,"column":3}},{"start":{},"end":{}}],"line":52},"4":{"loc":{"start":{"line":56,"column":2},"end":{"line":58,"column":3}},"type":"if","locations":[{"start":{"line":56,"column":2},"end":{"line":58,"column":3}},{"start":{},"end":{}}],"line":56},"5":{"loc":{"start":{"line":60,"column":2},"end":{"line":62,"column":3}},"type":"if","locations":[{"start":{"line":60,"column":2},"end":{"line":62,"column":3}},{"start":{},"end":{}}],"line":60}},"s":{"0":4,"1":4,"2":4,"3":4,"4":0,"5":0,"6":0,"7":0,"8":0,"9":0,"10":0,"11":0,"12":4,"13":5,"14":5,"15":5,"16":5,"17":5,"18":5,"19":0,"20":5,"21":5,"22":0,"23":4,"24":5,"25":0,"26":5,"27":5,"28":0,"29":0,"30":4},"f":{"0":0,"1":5,"2":5},"b":{"0":[0,0],"1":[0,5],"2":[5,5],"3":[0,5],"4":[5,0],"5":[0,0]},"_coverageSchema":"1a1c01bbd47fc00a2c39e90264f33305004495a9","hash":"dbec92b062103f90e73e3c833f9a4e9c7e299fc6"}
,"/home/praise/Documents/event-booking-system/src/middlewares/errorMiddleware.js": {"path":"/home/praise/Documents/event-booking-system/src/middlewares/errorMiddleware.js","statementMap":{"0":{"start":{"line":2,"column":21},"end":{"line":4,"column":1}},"1":{"start":{"line":3,"column":2},"end":{"line":3,"column":61}},"2":{"start":{"line":6,"column":0},"end":{"line":6,"column":30}}},"fnMap":{"0":{"name":"(anonymous_0)","decl":{"start":{"line":2,"column":21},"end":{"line":2,"column":22}},"loc":{"start":{"line":2,"column":46},"end":{"line":4,"column":1}},"line":2}},"branchMap":{"0":{"loc":{"start":{"line":3,"column":13},"end":{"line":3,"column":30}},"type":"binary-expr","locations":[{"start":{"line":3,"column":13},"end":{"line":3,"column":23}},{"start":{"line":3,"column":27},"end":{"line":3,"column":30}}],"line":3}},"s":{"0":4,"1":0,"2":4},"f":{"0":0},"b":{"0":[0,0]},"_coverageSchema":"1a1c01bbd47fc00a2c39e90264f33305004495a9","hash":"f7b6e03324d51b02ffb6cd102d0fb95f0b0a99c8"}
,"/home/praise/Documents/event-booking-system/src/middlewares/loggerMiddleware.js": {"path":"/home/praise/Documents/event-booking-system/src/middlewares/loggerMiddleware.js","statementMap":{"0":{"start":{"line":6,"column":22},"end":{"line":6,"column":32}},"1":{"start":{"line":8,"column":8},"end":{"line":8,"column":89}},"2":{"start":{"line":10,"column":8},"end":{"line":15,"column":11}},"3":{"start":{"line":12,"column":29},"end":{"line":12,"column":47}},"4":{"start":{"line":14,"column":12},"end":{"line":14,"column":148}},"5":{"start":{"line":17,"column":8},"end":{"line":19,"column":11}},"6":{"start":{"line":18,"column":12},"end":{"line":18,"column":117}},"7":{"start":{"line":21,"column":8},"end":{"line":21,"column":15}},"8":{"start":{"line":26,"column":0},"end":{"line":26,"column":24}}},"fnMap":{"0":{"name":"(anonymous_0)","decl":{"start":{"line":4,"column":8},"end":{"line":4,"column":9}},"loc":{"start":{"line":4,"column":39},"end":{"line":22,"column":5}},"line":4},"1":{"name":"(anonymous_1)","decl":{"start":{"line":10,"column":25},"end":{"line":10,"column":26}},"loc":{"start":{"line":10,"column":37},"end":{"line":15,"column":9}},"line":10},"2":{"name":"(anonymous_2)","decl":{"start":{"line":17,"column":24},"end":{"line":17,"column":25}},"loc":{"start":{"line":17,"column":33},"end":{"line":19,"column":9}},"line":17}},"branchMap":{},"s":{"0":0,"1":0,"2":0,"3":0,"4":0,"5":0,"6":0,"7":0,"8":4},"f":{"0":0,"1":0,"2":0},"b":{},"_coverageSchema":"1a1c01bbd47fc00a2c39e90264f33305004495a9","hash":"d03c616c870de6f3026fba7727d15880be622639"}
,"/home/praise/Documents/event-booking-system/src/middlewares/validationMiddleware.js": {"path":"/home/praise/Documents/event-booking-system/src/middlewares/validationMiddleware.js","statementMap":{"0":{"start":{"line":1,"column":29},"end":{"line":1,"column":57}},"1":{"start":{"line":3,"column":24},"end":{"line":9,"column":1}},"2":{"start":{"line":4,"column":17},"end":{"line":4,"column":38}},"3":{"start":{"line":5,"column":2},"end":{"line":7,"column":3}},"4":{"start":{"line":6,"column":4},"end":{"line":6,"column":60}},"5":{"start":{"line":8,"column":2},"end":{"line":8,"column":9}},"6":{"start":{"line":11,"column":0},"end":{"line":11,"column":33}}},"fnMap":{"0":{"name":"(anonymous_0)","decl":{"start":{"line":3,"column":24},"end":{"line":3,"column":25}},"loc":{"start":{"line":3,"column":44},"end":{"line":9,"column":1}},"line":3}},"branchMap":{"0":{"loc":{"start":{"line":5,"column":2},"end":{"line":7,"column":3}},"type":"if","locations":[{"start":{"line":5,"column":2},"end":{"line":7,"column":3}},{"start":{},"end":{}}],"line":5}},"s":{"0":4,"1":4,"2":4,"3":4,"4":0,"5":4,"6":4},"f":{"0":4},"b":{"0":[0,4]},"_coverageSchema":"1a1c01bbd47fc00a2c39e90264f33305004495a9","hash":"be3c32ba900dc96707f00718eecfa179610c85d6"}
,"/home/praise/Documents/event-booking-system/src/routes/routes.js": {"path":"/home/praise/Documents/event-booking-system/src/routes/routes.js","statementMap":{"0":{"start":{"line":1,"column":16},"end":{"line":1,"column":34}},"1":{"start":{"line":2,"column":24},"end":{"line":2,"column":65}},"2":{"start":{"line":3,"column":23},"end":{"line":3,"column":63}},"3":{"start":{"line":4,"column":22},"end":{"line":4,"column":60}},"4":{"start":{"line":5,"column":23},"end":{"line":5,"column":63}},"5":{"start":{"line":6,"column":33},"end":{"line":6,"column":79}},"6":{"start":{"line":8,"column":15},"end":{"line":8,"column":31}},"7":{"start":{"line":10,"column":0},"end":{"line":10,"column":98}},"8":{"start":{"line":11,"column":0},"end":{"line":11,"column":107}},"9":{"start":{"line":13,"column":0},"end":{"line":13,"column":60}},"10":{"start":{"line":14,"column":0},"end":{"line":14,"column":64}},"11":{"start":{"line":15,"column":0},"end":{"line":15,"column":70}},"12":{"start":{"line":16,"column":0},"end":{"line":16,"column":59}},"13":{"start":{"line":18,"column":0},"end":{"line":18,"column":24}}},"fnMap":{},"branchMap":{},"s":{"0":4,"1":4,"2":4,"3":4,"4":4,"5":4,"6":4,"7":4,"8":4,"9":4,"10":4,"11":4,"12":4,"13":4},"f":{},"b":{},"_coverageSchema":"1a1c01bbd47fc00a2c39e90264f33305004495a9","hash":"50df6c4d6aa8319567b35097b231d03625128edf"}
,"/home/praise/Documents/event-booking-system/src/validators/authValidator.js": {"path":"/home/praise/Documents/event-booking-system/src/validators/authValidator.js","statementMap":{"0":{"start":{"line":1,"column":17},"end":{"line":1,"column":45}},"1":{"start":{"line":5,"column":20},"end":{"line":10,"column":3}},"2":{"start":{"line":5,"column":26},"end":{"line":10,"column":3}},"3":{"start":{"line":12,"column":17},"end":{"line":15,"column":3}},"4":{"start":{"line":12,"column":23},"end":{"line":15,"column":3}},"5":{"start":{"line":18,"column":0},"end":{"line":18,"column":30}}},"fnMap":{"0":{"name":"(anonymous_0)","decl":{"start":{"line":5,"column":20},"end":{"line":5,"column":21}},"loc":{"start":{"line":5,"column":26},"end":{"line":10,"column":3}},"line":5},"1":{"name":"(anonymous_1)","decl":{"start":{"line":12,"column":17},"end":{"line":12,"column":18}},"loc":{"start":{"line":12,"column":23},"end":{"line":15,"column":3}},"line":12}},"branchMap":{},"s":{"0":4,"1":4,"2":4,"3":4,"4":4,"5":4},"f":{"0":4,"1":4},"b":{},"_coverageSchema":"1a1c01bbd47fc00a2c39e90264f33305004495a9","hash":"c299f7557352394e153e2982bed29d6d701f2c7b"}
}
