TN:
SF:config/config.js
FNF:0
FNH:0
DA:1,4
DA:3,4
DA:6,4
LF:3
LH:3
BRF:0
BRH:0
end_of_record
TN:
SF:models/booking.js
FN:1,(anonymous_0)
FNF:1
FNH:1
FNDA:4,(anonymous_0)
DA:1,4
DA:2,4
DA:24,4
LF:3
LH:3
BRF:0
BRH:0
end_of_record
TN:
SF:models/event.js
FN:1,(anonymous_0)
FN:19,(anonymous_1)
FNF:2
FNH:2
FNDA:4,(anonymous_0)
FNDA:4,(anonymous_1)
DA:1,4
DA:3,4
DA:19,4
DA:20,4
DA:21,4
DA:23,4
DA:24,4
DA:27,4
LF:8
LH:8
BRF:0
BRH:0
end_of_record
TN:
SF:models/index.js
FN:21,(anonymous_0)
FN:29,(anonymous_1)
FN:34,(anonymous_2)
FNF:3
FNH:3
FNDA:20,(anonymous_0)
FNDA:16,(anonymous_1)
FNDA:16,(anonymous_2)
DA:3,4
DA:4,4
DA:5,4
DA:6,4
DA:7,4
DA:8,4
DA:9,4
DA:10,4
DA:13,4
DA:14,0
DA:16,4
DA:19,4
DA:22,20
DA:30,16
DA:31,16
DA:34,4
DA:35,16
DA:36,4
DA:40,4
DA:41,4
DA:43,4
LF:21
LH:20
BRDA:8,0,0,4
BRDA:8,0,1,0
BRDA:13,1,0,0
BRDA:13,1,1,4
BRDA:23,2,0,20
BRDA:23,2,1,20
BRDA:23,2,2,16
BRDA:23,2,3,16
BRDA:35,3,0,4
BRDA:35,3,1,12
BRF:10
BRH:8
end_of_record
TN:
SF:models/user.js
FN:4,(anonymous_0)
FN:25,(anonymous_1)
FNF:2
FNH:2
FNDA:4,(anonymous_0)
FNDA:5,(anonymous_1)
DA:2,4
DA:4,4
DA:5,4
DA:25,4
DA:26,5
DA:29,4
LF:6
LH:6
BRF:0
BRH:0
end_of_record
TN:
SF:models/waitingList.js
FN:1,(anonymous_0)
FNF:1
FNH:1
FNDA:4,(anonymous_0)
DA:1,4
DA:2,4
DA:34,4
LF:3
LH:3
BRF:0
BRH:0
end_of_record
TN:
SF:src/app.js
FNF:0
FNH:0
DA:1,4
DA:3,4
DA:4,4
DA:5,4
DA:6,4
DA:7,4
DA:10,4
DA:12,4
DA:13,4
DA:14,4
DA:16,4
LF:11
LH:11
BRF:0
BRH:0
end_of_record
TN:
SF:src/controllers/authController.js
FN:11,(anonymous_0)
FN:45,(anonymous_1)
FNF:2
FNH:2
FNDA:2,(anonymous_0)
FNDA:2,(anonymous_1)
DA:1,4
DA:2,4
DA:3,4
DA:5,4
DA:12,2
DA:14,2
DA:16,2
DA:18,2
DA:19,1
DA:22,1
DA:23,1
DA:24,0
DA:27,1
DA:30,1
DA:32,1
DA:38,0
DA:39,0
DA:46,2
DA:48,2
DA:50,2
DA:52,2
DA:53,1
DA:59,1
DA:61,1
DA:63,1
DA:64,1
DA:66,1
DA:72,0
DA:73,0
DA:82,4
LF:30
LH:25
BRDA:18,0,0,1
BRDA:18,0,1,1
BRDA:23,1,0,0
BRDA:23,1,1,1
BRDA:52,2,0,1
BRDA:52,2,1,1
BRF:6
BRH:5
end_of_record
TN:
SF:src/controllers/eventController.js
FN:6,(anonymous_0)
FN:29,(anonymous_1)
FN:70,(anonymous_2)
FN:141,(anonymous_3)
FNF:4
FNH:4
FNDA:1,(anonymous_0)
FNDA:2,(anonymous_1)
FNDA:3,(anonymous_2)
FNDA:2,(anonymous_3)
DA:2,4
DA:3,4
DA:8,1
DA:10,1
DA:11,1
DA:16,1
DA:23,0
DA:30,2
DA:32,2
DA:35,2
DA:42,2
DA:43,1
DA:50,1
DA:55,1
DA:61,0
DA:71,3
DA:73,3
DA:74,3
DA:75,3
DA:78,3
DA:84,3
DA:85,0
DA:86,0
DA:89,3
DA:94,3
DA:95,1
DA:96,1
DA:103,2
DA:104,1
DA:106,1
DA:108,1
DA:110,1
DA:117,1
DA:122,1
DA:124,1
DA:130,0
DA:131,0
DA:132,0
DA:142,2
DA:144,2
DA:145,2
DA:146,2
DA:148,2
DA:153,2
DA:154,1
DA:155,1
DA:161,1
DA:163,1
DA:169,1
DA:170,0
DA:171,0
DA:178,1
DA:187,1
DA:188,1
DA:189,1
DA:191,0
DA:194,1
DA:196,1
DA:201,0
DA:202,0
DA:203,0
DA:212,4
LF:62
LH:49
BRDA:42,0,0,1
BRDA:42,0,1,1
BRDA:84,1,0,0
BRDA:84,1,1,3
BRDA:94,2,0,1
BRDA:94,2,1,2
BRDA:103,3,0,1
BRDA:103,3,1,1
BRDA:153,4,0,1
BRDA:153,4,1,1
BRDA:169,5,0,0
BRDA:169,5,1,1
BRDA:187,6,0,1
BRDA:187,6,1,0
BRF:14
BRH:11
end_of_record
TN:
SF:src/middlewares/authMiddleware.js
FN:8,(anonymous_0)
FN:27,(anonymous_1)
FN:51,(anonymous_2)
FNF:3
FNH:2
FNDA:0,(anonymous_0)
FNDA:5,(anonymous_1)
FNDA:5,(anonymous_2)
DA:1,4
DA:2,4
DA:4,4
DA:8,4
DA:9,0
DA:11,0
DA:12,0
DA:18,0
DA:19,0
DA:20,0
DA:21,0
DA:23,0
DA:27,4
DA:29,5
DA:31,5
DA:32,5
DA:33,5
DA:35,5
DA:37,5
DA:38,0
DA:41,5
DA:45,5
DA:47,0
DA:51,4
DA:52,5
DA:53,0
DA:56,5
DA:57,5
DA:60,0
DA:61,0
DA:66,4
LF:31
LH:18
BRDA:11,0,0,0
BRDA:11,0,1,0
BRDA:37,1,0,0
BRDA:37,1,1,5
BRDA:37,2,0,5
BRDA:37,2,1,5
BRDA:52,3,0,0
BRDA:52,3,1,5
BRDA:56,4,0,5
BRDA:56,4,1,0
BRDA:60,5,0,0
BRDA:60,5,1,0
BRF:12
BRH:5
end_of_record
TN:
SF:src/middlewares/errorMiddleware.js
FN:2,(anonymous_0)
FNF:1
FNH:0
FNDA:0,(anonymous_0)
DA:2,4
DA:3,0
DA:6,4
LF:3
LH:2
BRDA:3,0,0,0
BRDA:3,0,1,0
BRF:2
BRH:0
end_of_record
TN:
SF:src/middlewares/loggerMiddleware.js
FN:4,(anonymous_0)
FN:10,(anonymous_1)
FN:17,(anonymous_2)
FNF:3
FNH:0
FNDA:0,(anonymous_0)
FNDA:0,(anonymous_1)
FNDA:0,(anonymous_2)
DA:6,0
DA:8,0
DA:10,0
DA:12,0
DA:14,0
DA:17,0
DA:18,0
DA:21,0
DA:26,4
LF:9
LH:1
BRF:0
BRH:0
end_of_record
TN:
SF:src/middlewares/validationMiddleware.js
FN:3,(anonymous_0)
FNF:1
FNH:1
FNDA:4,(anonymous_0)
DA:1,4
DA:3,4
DA:4,4
DA:5,4
DA:6,0
DA:8,4
DA:11,4
LF:7
LH:6
BRDA:5,0,0,0
BRDA:5,0,1,4
BRF:2
BRH:1
end_of_record
TN:
SF:src/routes/routes.js
FNF:0
FNH:0
DA:1,4
DA:2,4
DA:3,4
DA:4,4
DA:5,4
DA:6,4
DA:8,4
DA:10,4
DA:11,4
DA:13,4
DA:14,4
DA:15,4
DA:16,4
DA:18,4
LF:14
LH:14
BRF:0
BRH:0
end_of_record
TN:
SF:src/validators/authValidator.js
FN:5,(anonymous_0)
FN:12,(anonymous_1)
FNF:2
FNH:2
FNDA:4,(anonymous_0)
FNDA:4,(anonymous_1)
DA:1,4
DA:5,4
DA:12,4
DA:18,4
LF:4
LH:4
BRF:0
BRH:0
end_of_record
